{
  "RSpec": {
    "coverage": {
      "/Users/markmcleod/Projects/week_5/makersbnb/app.rb": {
        "lines": [
          null,
          null,
          1,
          1,
          null,
          1,
          1,
          0,
          null,
          null,
          1,
          1,
          null,
          null,
          1,
          null
        ]
      },
      "/Users/markmcleod/Projects/week_5/makersbnb/spec/features/sign_up_spec.rb": {
        "lines": [
          1,
          1,
          1,
          1,
          null,
          null
        ]
      }
    },
    "timestamp": 1637062210
  }
}
