{
  "RSpec": {
    "coverage": {
      "/mnt/c/Users/mhbae/Desktop/Myoung-Dev/Makers/makersbnb/app.rb": {
        "lines": [
          null,
          null,
          1,
          1,
          1,
          1,
          null,
          1,
          1,
          null,
          1,
          0,
          null,
          null,
          1,
          0,
          null,
          null,
          1,
          0,
          0,
          null,
          null,
          1,
          0,
          null,
          null,
          1,
          0,
          0,
          null,
          0,
          null,
          null,
          null,
          1,
          0,
          0,
          null,
          0,
          null,
          null,
          0,
          null,
          null,
          1,
          0,
          null,
          null,
          null,
          null,
          null,
          0,
          null,
          null,
          1,
          0,
          0,
          null,
          null,
          null,
          0,
          null,
          null,
          null,
          1,
          0,
          null,
          null,
          1,
          null
        ]
      },
      "/mnt/c/Users/mhbae/Desktop/Myoung-Dev/Makers/makersbnb/lib/space.rb": {
        "lines": [
          null,
          null,
          1,
          1,
          null,
          1,
          null,
          null,
          null,
          null,
          null,
          null,
          null,
          null,
          null,
          1,
          0,
          null,
          0,
          null,
          0,
          0,
          null,
          null,
          null,
          1,
          0,
          0,
          null,
          null,
          1,
          0,
          null,
          0,
          null,
          0,
          0,
          null,
          null,
          null,
          null
        ]
      },
      "/mnt/c/Users/mhbae/Desktop/Myoung-Dev/Makers/makersbnb/lib/web_helper.rb": {
        "lines": [
          null,
          null,
          1,
          0,
          0,
          null,
          0,
          null,
          null
        ]
      },
      "/mnt/c/Users/mhbae/Desktop/Myoung-Dev/Makers/makersbnb/lib/user.rb": {
        "lines": [
          null,
          null,
          1,
          null,
          1,
          1,
          null,
          1,
          12,
          12,
          null,
          null,
          1,
          null,
          5,
          5,
          null,
          0,
          null,
          null,
          5,
          null,
          null,
          5,
          null,
          null,
          1,
          2,
          2,
          null,
          0,
          null,
          2,
          null,
          6,
          null,
          2,
          2,
          0,
          null,
          2,
          null,
          null,
          null,
          null
        ]
      },
      "/mnt/c/Users/mhbae/Desktop/Myoung-Dev/Makers/makersbnb/spec/user_spec.rb": {
        "lines": [
          null,
          null,
          1,
          1,
          null,
          1,
          1,
          1,
          1,
          1,
          2,
          null,
          1,
          1,
          1,
          1,
          1,
          null,
          null,
          null,
          1,
          1,
          1,
          1,
          1,
          null,
          2,
          2,
          1,
          1,
          1,
          1,
          null,
          null,
          null,
          1,
          1,
          1,
          1,
          null,
          null,
          2,
          2,
          1,
          1,
          1,
          1,
          null,
          null,
          null,
          null
        ]
      }
    },
    "timestamp": 1637244732
  }
}
